\BOOKMARK [1][-]{section.1}{\376\377\133\236\232\214\166\356\166\204}{}% 1
\BOOKMARK [1][-]{section.2}{\376\377\133\236\232\214\123\237\164\006}{}% 2
\BOOKMARK [1][-]{section.3}{\376\377\116\352\126\150\116\016\213\325\122\102}{}% 3
\BOOKMARK [2][-]{subsection.3.1}{\376\377\133\236\232\214\116\352\126\150}{section.3}% 4
\BOOKMARK [2][-]{subsection.3.2}{\376\377\133\236\232\214\213\325\122\102}{section.3}% 5
\BOOKMARK [1][-]{section.4}{\376\377\133\236\232\214\153\145\232\244}{}% 6
\BOOKMARK [2][-]{subsection.4.1}{\376\377\000F\000e\000\050\000O\000H\000\051\0003\156\266\200\366\166\204\122\066\131\007}{section.4}% 7
\BOOKMARK [2][-]{subsection.4.2}{\376\377\000F\000e\000\050\000O\000H\000\051\0003\156\266\200\366\176\257\123\026}{section.4}% 8
\BOOKMARK [2][-]{subsection.4.3}{\376\377\000F\000e\000\050\000O\000H\000\051\0003\156\266\200\366\165\065\154\363\220\037\163\207\155\113\133\232}{section.4}% 9
\BOOKMARK [1][-]{section.5}{\376\377\145\160\143\156\213\260\137\125}{}% 10
\BOOKMARK [2][-]{subsection.5.1}{\376\377\145\160\143\156\145\164\164\006}{section.5}% 11
\BOOKMARK [2][-]{subsection.5.2}{\376\377\133\236\232\214\213\260\137\125}{section.5}% 12
\BOOKMARK [1][-]{section.6}{\376\377\145\160\143\156\131\004\164\006\124\214\122\006\147\220}{}% 13
\BOOKMARK [1][-]{section.7}{\376\377\176\323\147\234\213\250\213\272\116\016\122\006\147\220}{}% 14
\BOOKMARK [2][-]{subsection.7.1}{\376\377\213\357\135\356\122\006\147\220\116\016\133\236\232\214\123\315\140\035}{section.7}% 15
\BOOKMARK [2][-]{subsection.7.2}{\376\377\133\236\232\214\140\073\176\323}{section.7}% 16
\BOOKMARK [1][-]{section.8}{\376\377\140\035\200\003\230\230}{}% 17
\BOOKMARK [2][-]{subsection.8.1}{\376\377\116\316\133\236\232\214\116\055\117\140\146\057\131\202\117\125\117\123\117\032\040\034\200\366\117\123\146\057\162\151\215\050\133\130\127\050\166\204\116\000\171\315\162\266\140\001\377\014\200\014\116\015\146\057\116\000\171\315\162\171\153\212\162\151\215\050\040\035\217\331\123\345\213\335\166\204\377\037}{section.8}% 18
\BOOKMARK [2][-]{subsection.8.2}{\376\377\000F\000e\000\050\000O\000H\000\051\0003\156\266\200\366\200\366\174\222\140\073\146\057\136\046\215\037\165\065\203\167\124\027\377\037}{section.8}% 19
\BOOKMARK [2][-]{subsection.8.3}{\376\377\200\366\174\222\166\204\200\366\150\070\165\061\000m\116\052\122\006\133\120\176\304\142\020\377\014\133\371\124\014\116\000\171\315\200\366\117\123\174\222\133\120\000m\146\057\124\046\116\072\133\232\120\074\377\037}{section.8}% 20
\BOOKMARK [2][-]{subsection.8.4}{\376\377\121\231\121\372\147\054\133\236\232\214\116\055\000F\000e\000\050\000O\000H\000\051\0003\156\266\122\102\200\366\126\342\176\323\147\204}{section.8}% 21
\BOOKMARK [2][-]{subsection.8.5}{\376\377\165\065\154\363\220\037\163\207\116\016\124\352\116\233\126\340\175\040\147\011\121\163\377\037}{section.8}% 22
