\BOOKMARK [1][-]{section.1}{\376\377\122\115\212\000}{}% 1
\BOOKMARK [1][-]{section.2}{\376\377\147\120\145\231\116\016\145\271\154\325}{}% 2
\BOOKMARK [2][-]{subsection.2.1}{\376\377\147\120\145\231\116\016\213\325\122\102}{section.2}% 3
\BOOKMARK [2][-]{subsection.2.2}{\376\377\116\352\126\150\116\016\213\276\131\007}{section.2}% 4
\BOOKMARK [2][-]{subsection.2.3}{\376\377\213\325\232\214\145\271\154\325}{section.2}% 5
\BOOKMARK [2][-]{subsection.2.4}{\376\377\133\236\232\214\153\145\232\244}{section.2}% 6
\BOOKMARK [3][-]{subsubsection.2.4.1}{\376\377\150\067\124\301\166\204\122\066\131\007}{subsection.2.4}% 7
\BOOKMARK [3][-]{subsubsection.2.4.2}{\376\377\150\007\121\306\155\262\156\364\133\232}{subsection.2.4}% 8
\BOOKMARK [3][-]{subsubsection.2.4.3}{\376\377\172\172\166\175\133\371\161\147\156\364\133\232}{subsection.2.4}% 9
\BOOKMARK [3][-]{subsubsection.2.4.4}{\376\377\150\067\124\301\156\364\133\232}{subsection.2.4}% 10
\BOOKMARK [3][-]{subsubsection.2.4.5}{\376\377\176\364\165\037\175\040\166\204\213\241\173\227}{subsection.2.4}% 11
\BOOKMARK [1][-]{section.3}{\376\377\133\236\232\214\176\323\147\234}{}% 12
\BOOKMARK [2][-]{subsection.3.1}{\376\377\145\160\143\156\131\004\164\006}{section.3}% 13
\BOOKMARK [2][-]{subsection.3.2}{\376\377\123\357\211\306\123\026}{section.3}% 14
\BOOKMARK [2][-]{subsection.3.3}{\376\377\176\323\147\234\176\374\217\360}{section.3}% 15
\BOOKMARK [1][-]{section.4}{\376\377\213\250\213\272\116\016\122\006\147\220}{}% 16
\BOOKMARK [2][-]{subsection.4.1}{\376\377\176\323\147\234\122\006\147\220}{section.4}% 17
\BOOKMARK [2][-]{subsection.4.2}{\376\377\133\236\232\214\123\315\140\035\116\016\140\073\176\323}{section.4}% 18
\BOOKMARK [1][-]{section.5}{\376\377\226\104\230\165}{}% 19
\BOOKMARK [2][-]{subsection.5.1}{\376\377\133\236\232\214\217\307\172\013\126\376\162\107\213\260\137\125}{section.5}% 20
\BOOKMARK [2][-]{subsection.5.2}{\376\377\145\160\143\156\131\004\164\006\116\016\123\357\211\306\123\026}{section.5}% 21
