\BOOKMARK [1][-]{section.1}{\376\377\133\236\232\214\166\356\166\204}{}% 1
\BOOKMARK [1][-]{section.2}{\376\377\133\236\232\214\123\237\164\006}{}% 2
\BOOKMARK [1][-]{section.3}{\376\377\133\236\232\214\213\325\122\102\116\016\116\352\126\150}{}% 3
\BOOKMARK [2][-]{subsection.3.1}{\376\377\116\214\176\304\122\006\117\123\174\373\154\024\155\262\136\163\210\141\166\370\126\376\155\113\133\232\133\236\232\214\116\352\126\150}{section.3}% 4
\BOOKMARK [2][-]{subsection.3.2}{\376\377\116\214\176\304\122\006\117\123\174\373\155\262\126\372\136\163\210\141\166\370\126\376\155\113\133\232\133\236\232\214\213\325\122\102}{section.3}% 5
\BOOKMARK [1][-]{section.4}{\376\377\133\236\232\214\153\145\232\244}{}% 6
\BOOKMARK [1][-]{section.5}{\376\377\133\236\232\214\145\160\143\156\213\260\137\125}{}% 7
\BOOKMARK [2][-]{subsection.5.1}{\376\377\123\237\131\313\145\160\143\156}{section.5}% 8
\BOOKMARK [2][-]{subsection.5.2}{\376\377\153\145\121\267\146\362\176\277}{section.5}% 9
\BOOKMARK [1][-]{section.6}{\376\377\145\160\143\156\131\004\164\006}{}% 10
\BOOKMARK [2][-]{subsection.6.1}{\376\377\153\145\121\267\146\362\176\277}{section.6}% 11
\BOOKMARK [2][-]{subsection.6.2}{\376\377\217\154\142\230\156\051\136\246\116\016\166\370\126\376}{section.6}% 12
\BOOKMARK [1][-]{section.7}{\376\377\145\160\143\156\122\006\147\220\116\016\213\250\213\272}{}% 13
\BOOKMARK [2][-]{subsection.7.1}{\376\377\176\323\147\234\122\006\147\220}{section.7}% 14
\BOOKMARK [1][-]{section.8}{\376\377\140\035\200\003\230\230}{}% 15
\BOOKMARK [2][-]{subsection.8.1}{\376\377\176\330\122\066\116\214\176\304\122\006\166\370\126\376\136\070\165\050\124\352\116\233\145\271\154\325\377\037}{section.8}% 16
\BOOKMARK [2][-]{subsection.8.2}{\376\377\213\325\165\050\166\370\137\213\122\006\147\220\124\004\121\267\123\164\146\362\176\277\116\012\121\372\163\260\136\163\123\360\117\125\217\154\142\230\160\271\166\204\123\237\126\340\060\002}{section.8}% 17
\BOOKMARK [2][-]{subsection.8.3}{\376\377\000\040\116\072\116\300\116\110\127\050\116\015\124\014\176\304\122\006\166\204\161\224\207\215\155\262\166\204\121\267\123\164\146\362\176\277\116\012\377\014\147\000\117\116\121\161\161\224\160\271\166\204\154\064\136\163\176\277\153\265\225\177\136\246\116\015\124\014\377\037}{section.8}% 18
\BOOKMARK [2][-]{subsection.8.4}{\376\377\000\040\202\345\135\362\167\345\116\214\176\304\122\006\117\123\174\373\166\204\213\270\131\032\116\015\124\014\176\304\142\020\166\204\121\267\146\362\176\277\377\014\117\106\116\015\167\345\220\123\117\116\121\161\161\224\160\271\176\304\142\020\377\014\147\011\116\300\116\110\122\236\154\325\170\156\133\232\377\037}{section.8}% 19
\BOOKMARK [1][-]{section.9}{\376\377\226\104\210\150}{}% 20
