\BOOKMARK [1][-]{section.1}{\376\377\0001\000\040\133\236\232\214\166\356\166\204}{}% 1
\BOOKMARK [1][-]{section.2}{\376\377\0002\000\040\133\236\232\214\123\237\164\006}{}% 2
\BOOKMARK [2][-]{subsection.2.1}{\376\377\0002\000.\0001\000\040\116\031\221\156\170\230\123\026\123\315\136\224\166\204\220\037\163\207\145\271\172\013}{section.2}% 3
\BOOKMARK [2][-]{subsection.2.2}{\376\377\0002\000.\0002\000\040\133\144\172\313\174\373\145\160\154\325}{section.2}% 4
\BOOKMARK [1][-]{section.3}{\376\377\0003\000\040\133\236\232\214\155\101\172\013}{}% 5
\BOOKMARK [2][-]{subsection.3.1}{\376\377\0003\000.\0001\000\040\116\352\126\150\116\016\213\325\122\102}{section.3}% 6
\BOOKMARK [3][-]{subsubsection.3.1.1}{\376\377\0003\000.\0001\000.\0001\000\040\116\352\126\150}{subsection.3.1}% 7
\BOOKMARK [3][-]{subsubsection.3.1.2}{\376\377\0003\000.\0001\000.\0002\000\040\213\325\122\102}{subsection.3.1}% 8
\BOOKMARK [2][-]{subsection.3.2}{\376\377\0003\000.\0002\000\040\144\315\117\134\153\145\232\244}{section.3}% 9
\BOOKMARK [2][-]{subsection.3.3}{\376\377\0003\000.\0003\000\040\145\160\143\156\213\260\137\125\210\150}{section.3}% 10
\BOOKMARK [1][-]{section.4}{\376\377\0004\000\040\145\160\143\156\131\004\164\006}{}% 11
\BOOKMARK [2][-]{subsection.4.1}{\376\377\0004\000.\0001\000\040\145\160\143\156\213\260\137\125\116\016\170\230\155\123\136\246\213\241\173\227}{section.4}% 12
\BOOKMARK [3][-]{subsubsection.4.1.1}{\376\377\0004\000.\0001\000.\0001\000\040\123\237\131\313\145\160\143\156}{subsection.4.1}% 13
\BOOKMARK [2][-]{subsection.4.2}{\376\377\0004\000.\0002\000\040\145\160\143\156\131\004\164\006}{section.4}% 14
\BOOKMARK [2][-]{subsection.4.3}{\376\377\0004\000.\0003\000\040\117\134\126\376\116\016\123\315\136\224\220\037\163\207\213\241\173\227}{section.4}% 15
\BOOKMARK [2][-]{subsection.4.4}{\376\377\0004\000.\0004\000\040\123\315\136\224\122\006\176\247\145\160\213\241\173\227}{section.4}% 16
\BOOKMARK [2][-]{subsection.4.5}{\376\377\0004\000.\0005\000\040\123\315\136\224\220\037\163\207\174\373\145\160\124\214\210\150\211\302\155\073\123\026\200\375\213\241\173\227}{section.4}% 17
\BOOKMARK [3][-]{subsubsection.4.5.1}{\376\377\0004\000.\0005\000.\0001\000\040\0002\0005\041\003\116\013\123\315\136\224\220\037\163\207\174\373\145\160}{subsection.4.5}% 18
\BOOKMARK [3][-]{subsubsection.4.5.2}{\376\377\0004\000.\0005\000.\0002\000\040\0003\0005\041\003\116\013\123\315\136\224\220\037\163\207\174\373\145\160}{subsection.4.5}% 19
\BOOKMARK [3][-]{subsubsection.4.5.3}{\376\377\0004\000.\0005\000.\0003\000\040\210\150\211\302\155\073\123\026\200\375}{subsection.4.5}% 20
\BOOKMARK [1][-]{section.5}{\376\377\0005\000\040\176\323\147\234\116\016\213\250\213\272}{}% 21
\BOOKMARK [2][-]{subsection.5.1}{\376\377\0005\000.\0001\000\040\145\160\143\156\122\006\147\220\116\016\213\250\213\272}{section.5}% 22
\BOOKMARK [2][-]{subsection.5.2}{\376\377\0005\000.\0002\000\040\140\073\176\323\116\016\123\315\140\035}{section.5}% 23
\BOOKMARK [1][-]{section.6}{\376\377\0006\000\040\140\035\200\003\230\230}{}% 24
\BOOKMARK [2][-]{subsection.6.1}{\376\377\0006\000.\0001\000\040\122\250\122\233\133\146\133\236\232\214\116\055\377\014\153\143\170\156\213\241\173\227\145\366\225\364\146\057\137\210\221\315\211\201\166\204\060\002\147\054\133\236\232\214\116\055\116\316\123\315\136\224\162\151\137\000\131\313\155\367\124\010\122\060\215\167\173\227\123\315\136\224\145\366\225\364\377\014\116\055\225\364\147\011\116\000\153\265\116\015\173\227\137\210\167\355\166\204\144\315\117\134\145\366\225\364\377\014\217\331\133\371\133\236\232\214\176\323\147\234\147\011\145\340\137\161\124\315\377\037\116\072\116\300\116\110\377\037}{section.6}% 25
\BOOKMARK [2][-]{subsection.6.2}{\376\377\0006\000.\0002\000\040\137\161\124\315\147\054\133\236\232\214\176\323\147\234\166\204\116\073\211\201\126\340\175\040\146\057\116\300\116\110\377\037}{section.6}% 26
\BOOKMARK [2][-]{subsection.6.3}{\376\377\0006\000.\0003\000\040\213\276\213\241\170\156\133\232\116\031\221\156\156\264\123\026\123\315\136\224\220\037\163\207\145\271\172\013\166\204\133\236\232\214\153\145\232\244\060\002}{section.6}% 27
