\BOOKMARK [1][-]{section.1}{\376\377\133\236\232\214\166\356\166\204}{}% 1
\BOOKMARK [1][-]{section.2}{\376\377\133\236\232\214\123\237\164\006}{}% 2
\BOOKMARK [2][-]{subsection.2.1}{\376\377\000B\000Z\143\057\203\141\123\315\136\224}{section.2}% 3
\BOOKMARK [3][-]{subsubsection.2.1.1}{\376\377\127\372\147\054\140\305\121\265}{subsection.2.1}% 4
\BOOKMARK [3][-]{subsubsection.2.1.2}{\376\377\123\315\136\224\211\343\221\312}{subsection.2.1}% 5
\BOOKMARK [3][-]{subsubsection.2.1.3}{\376\377\133\236\232\214\145\271\154\325}{subsection.2.1}% 6
\BOOKMARK [2][-]{subsection.2.2}{\376\377\165\062\221\170\154\047\123\026\122\250\122\233\133\146}{section.2}% 7
\BOOKMARK [3][-]{subsubsection.2.2.1}{\376\377\127\372\147\054\140\305\121\265}{subsection.2.2}% 8
\BOOKMARK [3][-]{subsubsection.2.2.2}{\376\377\123\315\136\224\211\343\221\312}{subsection.2.2}% 9
\BOOKMARK [3][-]{subsubsection.2.2.3}{\376\377\133\236\232\214\145\271\154\325}{subsection.2.2}% 10
\BOOKMARK [1][-]{section.3}{\376\377\133\236\232\214\213\325\122\102\116\016\116\352\126\150}{}% 11
\BOOKMARK [2][-]{subsection.3.1}{\376\377\000B\000Z\143\057\203\141\123\315\136\224}{section.3}% 12
\BOOKMARK [3][-]{subsubsection.3.1.1}{\376\377\133\236\232\214\116\352\126\150}{subsection.3.1}% 13
\BOOKMARK [3][-]{subsubsection.3.1.2}{\376\377\133\236\232\214\213\325\122\102}{subsection.3.1}% 14
\BOOKMARK [2][-]{subsection.3.2}{\376\377\165\062\221\170\154\047\123\026\122\250\122\233\133\146}{section.3}% 15
\BOOKMARK [3][-]{subsubsection.3.2.1}{\376\377\133\236\232\214\116\352\126\150}{subsection.3.2}% 16
\BOOKMARK [3][-]{subsubsection.3.2.2}{\376\377\133\236\232\214\213\325\122\102}{subsection.3.2}% 17
\BOOKMARK [1][-]{section.4}{\376\377\133\236\232\214\153\145\232\244}{}% 18
\BOOKMARK [2][-]{subsection.4.1}{\376\377\000B\000Z\143\057\203\141\123\315\136\224\133\236\232\214\153\145\232\244}{section.4}% 19
\BOOKMARK [2][-]{subsection.4.2}{\376\377\165\062\221\170\154\047\123\026\122\250\122\233\133\146\133\236\232\214\153\145\232\244}{section.4}% 20
\BOOKMARK [1][-]{section.5}{\376\377\145\160\143\156\213\260\137\125}{}% 21
\BOOKMARK [1][-]{section.6}{\376\377\123\237\131\313\145\160\143\156}{}% 22
\BOOKMARK [2][-]{subsection.6.1}{\376\377\000B\000Z\143\057\203\141\123\315\136\224}{section.6}% 23
\BOOKMARK [3][-]{subsubsection.6.1.1}{\376\377\116\015\124\014\156\051\136\246\116\013\166\204\000B\000Z\143\057\203\141\154\342\137\142}{subsection.6.1}% 24
\BOOKMARK [3][-]{subsubsection.6.1.2}{\376\377\000B\000Z\227\007\203\141\123\315\136\224\145\160\143\156\154\107\140\073}{subsection.6.1}% 25
\BOOKMARK [2][-]{subsection.6.2}{\376\377\165\062\221\170\154\047\123\026\122\250\122\233\133\146}{section.6}% 26
\BOOKMARK [3][-]{subsubsection.6.2.1}{\376\377\165\062\221\170\154\047\123\026\122\250\122\233\133\146\133\236\232\214\145\160\143\156\154\107\140\073\000\050\145\160\143\156\147\145\156\220\116\216\121\166\116\326\134\017\176\304\000\051}{subsection.6.2}% 27
\BOOKMARK [1][-]{section.7}{\376\377\145\160\143\156\122\006\147\220}{}% 28
\BOOKMARK [2][-]{subsection.7.1}{\376\377\000B\000Z\143\057\203\141\123\315\136\224}{section.7}% 29
\BOOKMARK [3][-]{subsubsection.7.1.1}{\376\377\120\132\121\372\000l\000n\0001\000t\213\361\133\374\000-\0001\000T\126\376\120\317}{subsection.7.1}% 30
\BOOKMARK [3][-]{subsubsection.7.1.2}{\376\377\120\132\121\372\000l\000n\0001\000t\143\057\203\141\000-\0001\000T\126\376\120\317}{subsection.7.1}% 31
\BOOKMARK [2][-]{subsection.7.2}{\376\377\165\062\221\170\154\047\123\026\122\250\122\233\133\146}{section.7}% 32
\BOOKMARK [1][-]{section.8}{\376\377\176\323\147\234\122\006\147\220\116\016\213\250\213\272}{}% 33
\BOOKMARK [2][-]{subsection.8.1}{\376\377\000B\000Z\143\057\203\141\123\315\136\224}{section.8}% 34
\BOOKMARK [2][-]{subsection.8.2}{\376\377\165\062\221\170\154\047\123\026\122\250\122\233\133\146}{section.8}% 35
\BOOKMARK [1][-]{section.9}{\376\377\140\035\200\003\230\230}{}% 36
